<?xml version="1.0" encoding="UTF-8"?>
<robot generator="Robot 3.2.2 (Python 3.9.1 on win32)" generated="20210125 14:58:16.823" rpa="false">
<suite id="s1" name="projectRobot" source="C:\Users\ASUS\eclipse-workspace-Moncef\projectRobot">
<suite id="s1-s1" name="Tests" source="C:\Users\ASUS\eclipse-workspace-Moncef\projectRobot\Tests">
<suite id="s1-s1-s1" name="OpenAndLogin" source="C:\Users\ASUS\eclipse-workspace-Moncef\projectRobot\Tests\OpenAndLogin.robot">
<test id="s1-s1-s1-t1" name="Precondition">
<kw name="Open ORANGEHRMLIVE and Login" library="Openorangehrmlive">
<kw name="Open Browser" library="SeleniumLibrary">
<doc>Opens a new browser instance to the optional ``url``.</doc>
<arguments>
<arg>${orangehrmlive URL}</arg>
<arg>${BROWSER}</arg>
</arguments>
<msg timestamp="20210125 14:58:17.276" level="INFO">Opening browser 'chrome' to base url 'https://opensource-demo.orangehrmlive.com/'.</msg>
<status status="PASS" starttime="20210125 14:58:17.276" endtime="20210125 14:58:25.559"></status>
</kw>
<kw name="Maximize Browser Window" library="SeleniumLibrary">
<doc>Maximizes current browser window.</doc>
<status status="PASS" starttime="20210125 14:58:25.560" endtime="20210125 14:58:27.691"></status>
</kw>
<kw name="Set Selenium Implicit Wait" library="SeleniumLibrary">
<doc>Sets the implicit wait value used by Selenium.</doc>
<arguments>
<arg>5s</arg>
</arguments>
<status status="PASS" starttime="20210125 14:58:27.692" endtime="20210125 14:58:27.697"></status>
</kw>
<kw name="Input Text" library="SeleniumLibrary">
<doc>Types the given ``text`` into the text field identified by ``locator``.</doc>
<arguments>
<arg>id=txtUsername</arg>
<arg>${login}</arg>
</arguments>
<msg timestamp="20210125 14:58:27.699" level="INFO">Typing text 'Admin' into text field 'id=txtUsername'.</msg>
<status status="PASS" starttime="20210125 14:58:27.698" endtime="20210125 14:58:27.854"></status>
</kw>
<kw name="Input Password" library="SeleniumLibrary">
<doc>Types the given password into the text field identified by ``locator``.</doc>
<arguments>
<arg>id=txtPassword</arg>
<arg>${password}</arg>
</arguments>
<msg timestamp="20210125 14:58:27.855" level="INFO">Typing password into text field 'id=txtPassword'.</msg>
<msg timestamp="20210125 14:58:27.914" level="INFO">Temporally setting log level to: NONE</msg>
<msg timestamp="20210125 14:58:27.973" level="INFO">Log level changed from NONE to INFO.</msg>
<status status="PASS" starttime="20210125 14:58:27.854" endtime="20210125 14:58:27.973"></status>
</kw>
<kw name="Click Button" library="SeleniumLibrary">
<doc>Clicks the button identified by ``locator``.</doc>
<arguments>
<arg>id=btnLogin</arg>
</arguments>
<msg timestamp="20210125 14:58:27.974" level="INFO">Clicking button 'id=btnLogin'.</msg>
<status status="PASS" starttime="20210125 14:58:27.973" endtime="20210125 14:58:30.771"></status>
</kw>
<status status="PASS" starttime="20210125 14:58:17.275" endtime="20210125 14:58:30.772"></status>
</kw>
<status status="PASS" starttime="20210125 14:58:17.274" endtime="20210125 14:58:30.772" critical="yes"></status>
</test>
<status status="PASS" starttime="20210125 14:58:16.985" endtime="20210125 14:58:30.774"></status>
</suite>
<status status="PASS" starttime="20210125 14:58:16.978" endtime="20210125 14:58:30.779"></status>
</suite>
<status status="PASS" starttime="20210125 14:58:16.924" endtime="20210125 14:58:30.781"></status>
</suite>
<statistics>
<total>
<stat pass="1" fail="0">Critical Tests</stat>
<stat pass="1" fail="0">All Tests</stat>
</total>
<tag>
</tag>
<suite>
<stat pass="1" fail="0" id="s1" name="projectRobot">projectRobot</stat>
<stat pass="1" fail="0" id="s1-s1" name="Tests">projectRobot.Tests</stat>
<stat pass="1" fail="0" id="s1-s1-s1" name="OpenAndLogin">projectRobot.Tests.OpenAndLogin</stat>
</suite>
</statistics>
<errors>
</errors>
</robot>
